<?xml version="1.0" encoding="UTF-8" ?>
<testsuite tests="14" failures="0" name="StatisticsServiceImplTest" time="0.125" errors="0" skipped="0">
  <properties>
    <property name="java.runtime.name" value="Java(TM) SE Runtime Environment"/>
    <property name="sun.boot.library.path" value="C:\Program Files\Java\jdk1.8.0_112\jre\bin"/>
    <property name="java.vm.version" value="25.112-b15"/>
    <property name="java.vm.vendor" value="Oracle Corporation"/>
    <property name="java.vendor.url" value="http://java.oracle.com/"/>
    <property name="path.separator" value=";"/>
    <property name="java.vm.name" value="Java HotSpot(TM) 64-Bit Server VM"/>
    <property name="file.encoding.pkg" value="sun.io"/>
    <property name="user.script" value=""/>
    <property name="user.country" value="GB"/>
    <property name="sun.java.launcher" value="SUN_STANDARD"/>
    <property name="sun.os.patch.level" value=""/>
    <property name="java.vm.specification.name" value="Java Virtual Machine Specification"/>
    <property name="user.dir" value="C:\Users\ManuelaLidia\Downloads\registration-service\statistics-service"/>
    <property name="java.runtime.version" value="1.8.0_112-b15"/>
    <property name="java.awt.graphicsenv" value="sun.awt.Win32GraphicsEnvironment"/>
    <property name="basedir" value="C:\Users\ManuelaLidia\Downloads\registration-service\statistics-service"/>
    <property name="java.endorsed.dirs" value="C:\Program Files\Java\jdk1.8.0_112\jre\lib\endorsed"/>
    <property name="os.arch" value="amd64"/>
    <property name="surefire.real.class.path" value="C:\Users\ManuelaLidia\Downloads\registration-service\statistics-service\target\surefire\surefirebooter5276208032421329792.jar"/>
    <property name="java.io.tmpdir" value="C:\Users\MANUEL~1\AppData\Local\Temp\"/>
    <property name="line.separator" value="
"/>
    <property name="java.vm.specification.vendor" value="Oracle Corporation"/>
    <property name="user.variant" value=""/>
    <property name="os.name" value="Windows 10"/>
    <property name="sun.jnu.encoding" value="Cp1252"/>
    <property name="java.library.path" value="C:\Program Files\Java\jdk1.8.0_112\jre\bin;C:\WINDOWS\Sun\Java\bin;C:\WINDOWS\system32;C:\WINDOWS;C:\Program Files\AdoptOpenJDK\jdk-11.0.5.10-hotspot\bin;C:\ProgramData\Oracle\Java\javapath;C:\Program Files (x86)\Intel\iCLS Client\;C:\Program Files\Intel\iCLS Client\;C:\Windows\system32;C:\Windows;C:\Windows\System32\Wbem;C:\Windows\System32\WindowsPowerShell\v1.0\;C:\Program Files (x86)\Acer\abFiles\;C:\Program Files\Intel\Intel(R) Management Engine Components\DAL;C:\Program Files (x86)\Intel\Intel(R) Management Engine Components\DAL;C:\Program Files\Intel\Intel(R) Management Engine Components\IPT;C:\Program Files (x86)\Intel\Intel(R) Management Engine Components\IPT;C:\Program Files\MongoDB\Server\3.0\bin;D:\Python27;D:\Python27\Scripts;C:\WINDOWS\system32;C:\WINDOWS;C:\WINDOWS\System32\Wbem;C:\WINDOWS\System32\WindowsPowerShell\v1.0\;C:\Program Files (x86)\NVIDIA Corporation\PhysX\Common;D:\Program Files\Git\cmd;C:\Users\ManuelaLidia\Downloads\gradle-2.11-all\gradle-2.11\bin;C:\Program Files\Microsoft SQL Server\130\Tools\Binn\;D:\Program Files (x86)\omrssdk-1.0.6\bin;%JAVA_HOME%\bin;C:\Program Files (x86)\Windows Kits\8.1\Windows Performance Toolkit\;C:\WINDOWS\system32;C:\WINDOWS;C:\WINDOWS\System32\Wbem;C:\WINDOWS\System32\WindowsPowerShell\v1.0\;C:\Program Files\Microsoft Windows Performance Toolkit\;C:\Program Files\MySQL\MySQL Utilities 1.6\;C:\Users\ManuelaLidia\Downloads\apache-maven-3.3.9-bin\apache-maven-3.3.9\bin;C:\HashiCorp\Vagrant\bin;D:\Program Files\PuTTY\;C:\WINDOWS\System32\OpenSSH\;C:\Program Files (x86)\FAHClient;C:\Users\ManuelaLidia\.babun;C:\Users\ManuelaLidia\AppData\Local\Microsoft\WindowsApps;;C:\Program Files\JetBrains\IntelliJ IDEA Community Edition 2019.2.3\bin;;."/>
    <property name="surefire.test.class.path" value="C:\Users\ManuelaLidia\Downloads\registration-service\statistics-service\target\test-classes;C:\Users\ManuelaLidia\Downloads\registration-service\statistics-service\target\classes;C:\Users\ManuelaLidia\.m2\repository\junit\junit\4.13\junit-4.13.jar;C:\Users\ManuelaLidia\.m2\repository\org\hamcrest\hamcrest-core\1.3\hamcrest-core-1.3.jar;"/>
    <property name="java.specification.name" value="Java Platform API Specification"/>
    <property name="java.class.version" value="52.0"/>
    <property name="sun.management.compiler" value="HotSpot 64-Bit Tiered Compilers"/>
    <property name="os.version" value="10.0"/>
    <property name="user.home" value="C:\Users\ManuelaLidia"/>
    <property name="user.timezone" value=""/>
    <property name="java.awt.printerjob" value="sun.awt.windows.WPrinterJob"/>
    <property name="java.specification.version" value="1.8"/>
    <property name="file.encoding" value="Cp1252"/>
    <property name="idea.version2019.2.4" value="true"/>
    <property name="user.name" value="ManuelaLidia"/>
    <property name="java.class.path" value="C:\Users\ManuelaLidia\Downloads\registration-service\statistics-service\target\test-classes;C:\Users\ManuelaLidia\Downloads\registration-service\statistics-service\target\classes;C:\Users\ManuelaLidia\.m2\repository\junit\junit\4.13\junit-4.13.jar;C:\Users\ManuelaLidia\.m2\repository\org\hamcrest\hamcrest-core\1.3\hamcrest-core-1.3.jar;"/>
    <property name="java.vm.specification.version" value="1.8"/>
    <property name="sun.arch.data.model" value="64"/>
    <property name="java.home" value="C:\Program Files\Java\jdk1.8.0_112\jre"/>
    <property name="sun.java.command" value="C:\Users\ManuelaLidia\Downloads\registration-service\statistics-service\target\surefire\surefirebooter5276208032421329792.jar C:\Users\ManuelaLidia\Downloads\registration-service\statistics-service\target\surefire\surefire4354062847930101277tmp C:\Users\ManuelaLidia\Downloads\registration-service\statistics-service\target\surefire\surefire4816867563516988875tmp"/>
    <property name="java.specification.vendor" value="Oracle Corporation"/>
    <property name="user.language" value="en"/>
    <property name="awt.toolkit" value="sun.awt.windows.WToolkit"/>
    <property name="java.vm.info" value="mixed mode"/>
    <property name="java.version" value="1.8.0_112"/>
    <property name="java.ext.dirs" value="C:\Program Files\Java\jdk1.8.0_112\jre\lib\ext;C:\WINDOWS\Sun\Java\lib\ext"/>
    <property name="sun.boot.class.path" value="C:\Program Files\Java\jdk1.8.0_112\jre\lib\resources.jar;C:\Program Files\Java\jdk1.8.0_112\jre\lib\rt.jar;C:\Program Files\Java\jdk1.8.0_112\jre\lib\sunrsasign.jar;C:\Program Files\Java\jdk1.8.0_112\jre\lib\jsse.jar;C:\Program Files\Java\jdk1.8.0_112\jre\lib\jce.jar;C:\Program Files\Java\jdk1.8.0_112\jre\lib\charsets.jar;C:\Program Files\Java\jdk1.8.0_112\jre\lib\jfr.jar;C:\Program Files\Java\jdk1.8.0_112\jre\classes"/>
    <property name="java.vendor" value="Oracle Corporation"/>
    <property name="localRepository" value="C:\Users\ManuelaLidia\.m2\repository"/>
    <property name="file.separator" value="\"/>
    <property name="java.vendor.url.bug" value="http://bugreport.sun.com/bugreport/"/>
    <property name="sun.cpu.endian" value="little"/>
    <property name="sun.io.unicode.encoding" value="UnicodeLittle"/>
    <property name="sun.desktop" value="windows"/>
    <property name="sun.cpu.isalist" value="amd64"/>
  </properties>
  <testcase classname="StatisticsServiceImplTest" name="givenSentenceWithTwoWordsOfSameLength_whenGetShortestWord_thenReturnFirstWord" time="0.047"/>
  <testcase classname="StatisticsServiceImplTest" name="givenSentenceWithOneWord_whenGetLongestWord_thenReturnWord" time="0"/>
  <testcase classname="StatisticsServiceImplTest" name="givenSentenceWithTwoWordsOfDifferentLengths_whenGetLongestWord_thenReturnLongerWord" time="0"/>
  <testcase classname="StatisticsServiceImplTest" name="givenSentenceWithTwoWordsOfSameLength_whenGetLongestWord_thenReturnFirstWord" time="0"/>
  <testcase classname="StatisticsServiceImplTest" name="givenSentenceWithOneWord_whenGetShortestWord_thenReturnWord" time="0"/>
  <testcase classname="StatisticsServiceImplTest" name="givenEmptySentence_whenGetLongestWord_thenReturnEmptyString" time="0"/>
  <testcase classname="StatisticsServiceImplTest" name="givenSentenceWithTwoWordsOfDifferentLengths_whenGetShortestWord_thenReturnShorterWord" time="0"/>
  <testcase classname="StatisticsServiceImplTest" name="givenSentenceWithMultipleWordsOfDifferentLengths_whenGetShortestWord_thenReturnShortestWord" time="0"/>
  <testcase classname="StatisticsServiceImplTest" name="givenNullSentence_whenGetShortestWord_thenThrowException" time="0"/>
  <testcase classname="StatisticsServiceImplTest" name="givenEmptySentence_whenGetShortestWord_thenReturnEmptyString" time="0"/>
  <testcase classname="StatisticsServiceImplTest" name="givenNullSentence_whenGetLongestWord_thenThrowException" time="0"/>
  <testcase classname="StatisticsServiceImplTest" name="givenSentenceWithMultipleSpacesOnly_whenGetLongestWord_thenReturnEmptyString" time="0.016"/>
  <testcase classname="StatisticsServiceImplTest" name="givenSentenceWithMultipleWordsOfDifferentLengths_whenGetLongestWord_thenReturnLongestWord" time="0"/>
  <testcase classname="StatisticsServiceImplTest" name="givenSentenceWithMultipleSpacesOnly_whenGetShortestWord_thenReturnEmptyString" time="0"/>
</testsuite>